<?xml version="1.0" encoding="UTF-8"?>
<!-- Generated by org.testng.reporters.JUnitReportReporter -->
<testsuite hostname="DESKTOP-7CQA1LF" failures="0" tests="6" name="tests.LoginTest" time="14.103" errors="0" timestamp="2022-12-07T21:03:05 IST" skipped="0">
  <testcase classname="tests.LoginTest" name="tc03_login" time="2.938"/>
  <system-out/>
  <testcase classname="tests.LoginTest" name="tc03_login" time="3.120"/>
  <system-out/>
  <testcase classname="tests.LoginTest" name="tc03_login" time="2.816"/>
  <system-out/>
  <testcase classname="tests.LoginTest" name="tc02_login" time="0.995"/>
  <system-out/>
  <testcase classname="tests.LoginTest" name="tc01_login" time="1.484"/>
  <system-out/>
  <testcase classname="tests.LoginTest" name="tc04_login" time="2.750"/>
  <system-out/>
</testsuite> <!-- tests.LoginTest -->
